2022-02-28 11:05:33.709 | INFO     | AlgorithmSystem.AlgorithmSystemController:__init__:22 - 处理完成初始化
2022-02-28 11:05:33.731 | INFO     | AlgorithmSystem.AlgorithmSystemController:algo_sys_prep:46 - 开始接收脑电数据
2022-02-28 11:07:48.141 | INFO     | AlgorithmSystem.AlgorithmSystemController:__init__:22 - 处理完成初始化
2022-02-28 11:07:48.163 | INFO     | AlgorithmSystem.AlgorithmSystemController:algo_sys_prep:46 - 开始接收脑电数据
2022-02-28 11:09:38.926 | INFO     | AlgorithmSystem.AlgorithmSystemController:__init__:22 - 处理完成初始化
2022-02-28 11:09:38.948 | INFO     | AlgorithmSystem.AlgorithmSystemController:algo_sys_prep:46 - 开始接收脑电数据
2022-02-28 11:11:36.046 | INFO     | AlgorithmSystem.AlgorithmSystemController:__init__:22 - 处理完成初始化
2022-02-28 11:11:36.067 | INFO     | AlgorithmSystem.AlgorithmSystemController:algo_sys_prep:46 - 开始接收脑电数据
2022-02-28 11:12:57.997 | INFO     | AlgorithmSystem.AlgorithmSystemController:__init__:22 - 处理完成初始化
2022-02-28 11:12:58.018 | INFO     | AlgorithmSystem.AlgorithmSystemController:algo_sys_prep:46 - 开始接收脑电数据
2022-02-28 11:15:13.037 | INFO     | AlgorithmSystem.AlgorithmSystemController:__init__:22 - 处理完成初始化
2022-02-28 11:15:13.060 | INFO     | AlgorithmSystem.AlgorithmSystemController:algo_sys_prep:46 - 开始接收脑电数据
2022-02-28 11:19:31.583 | INFO     | AlgorithmSystem.AlgorithmSystemController:__init__:22 - 处理完成初始化
2022-02-28 11:19:31.606 | INFO     | AlgorithmSystem.AlgorithmSystemController:algo_sys_prep:46 - 开始接收脑电数据
2022-02-28 11:22:29.154 | INFO     | AlgorithmSystem.AlgorithmSystemController:__init__:22 - 处理完成初始化
2022-02-28 11:22:29.176 | INFO     | AlgorithmSystem.AlgorithmSystemController:algo_sys_prep:46 - 开始接收脑电数据
2022-02-28 11:23:52.863 | INFO     | AlgorithmSystem.AlgorithmSystemController:__init__:22 - 处理完成初始化
2022-02-28 11:23:52.885 | INFO     | AlgorithmSystem.AlgorithmSystemController:algo_sys_prep:46 - 开始接收脑电数据
2022-02-28 11:39:46.624 | INFO     | AlgorithmSystem.AlgorithmSystemController:__init__:22 - 处理完成初始化
2022-02-28 11:39:46.646 | INFO     | AlgorithmSystem.AlgorithmSystemController:algo_sys_prep:46 - 开始接收脑电数据
2022-02-28 11:49:54.493 | INFO     | AlgorithmSystem.AlgorithmSystemController:__init__:22 - 处理完成初始化
2022-02-28 11:49:54.517 | INFO     | AlgorithmSystem.AlgorithmSystemController:algo_sys_prep:46 - 开始接收脑电数据
2022-02-28 11:54:31.145 | INFO     | AlgorithmSystem.AlgorithmSystemController:__init__:22 - 处理完成初始化
2022-02-28 11:54:31.168 | INFO     | AlgorithmSystem.AlgorithmSystemController:algo_sys_prep:46 - 开始接收脑电数据
2022-02-28 11:56:28.596 | INFO     | AlgorithmSystem.AlgorithmSystemController:__init__:22 - 处理完成初始化
2022-02-28 11:56:28.618 | INFO     | AlgorithmSystem.AlgorithmSystemController:algo_sys_prep:46 - 开始接收脑电数据
2022-02-28 11:59:44.501 | INFO     | AlgorithmSystem.AlgorithmSystemController:__init__:22 - 处理完成初始化
2022-02-28 11:59:44.524 | INFO     | AlgorithmSystem.AlgorithmSystemController:algo_sys_prep:46 - 开始接收脑电数据
2022-02-28 13:34:33.808 | INFO     | AlgorithmSystem.AlgorithmSystemController:__init__:22 - 处理完成初始化
2022-02-28 13:34:33.833 | INFO     | AlgorithmSystem.AlgorithmSystemController:algo_sys_prep:46 - 开始接收脑电数据
2022-02-28 16:58:53.967 | INFO     | AlgorithmSystem.AlgorithmSystemController:algo_sys_prep:45 - 开始从NeuracleEEG接收脑电数据
2022-02-28 16:58:53.967 | INFO     | AlgorithmSystem.Framework.AlgorithmSystemManager:run:84 - 开始运行算法
2022-02-28 17:03:49.826 | INFO     | AlgorithmSystem.AlgorithmSystemController:algo_sys_prep:45 - 开始从NeuracleEEG接收脑电数据
2022-02-28 17:03:49.826 | INFO     | AlgorithmSystem.Framework.AlgorithmSystemManager:run:84 - 开始运行算法
2022-02-28 17:05:57.483 | INFO     | AlgorithmSystem.Framework.AlgorithmSystemManager:report:120 - 当前trial的汇报结果为：33
2022-02-28 17:05:57.742 | INFO     | communication.CommunicationProducer:send:36 - 向Algorithm2Stimulation发送信息:b'FDBK\x80\x04K!.'
2022-02-28 17:06:02.931 | INFO     | AlgorithmSystem.Framework.AlgorithmSystemManager:report:120 - 当前trial的汇报结果为：33
2022-02-28 17:06:02.933 | INFO     | communication.CommunicationProducer:send:36 - 向Algorithm2Stimulation发送信息:b'FDBK\x80\x04K!.'
2022-02-28 17:06:08.116 | INFO     | AlgorithmSystem.Framework.AlgorithmSystemManager:report:120 - 当前trial的汇报结果为：33
2022-02-28 17:06:08.118 | INFO     | communication.CommunicationProducer:send:36 - 向Algorithm2Stimulation发送信息:b'FDBK\x80\x04K!.'
2022-02-28 17:06:13.265 | INFO     | AlgorithmSystem.Framework.AlgorithmSystemManager:report:120 - 当前trial的汇报结果为：33
2022-02-28 17:06:13.267 | INFO     | communication.CommunicationProducer:send:36 - 向Algorithm2Stimulation发送信息:b'FDBK\x80\x04K!.'
2022-02-28 17:06:18.438 | INFO     | AlgorithmSystem.Framework.AlgorithmSystemManager:report:120 - 当前trial的汇报结果为：33
2022-02-28 17:06:18.440 | INFO     | communication.CommunicationProducer:send:36 - 向Algorithm2Stimulation发送信息:b'FDBK\x80\x04K!.'
2022-02-28 17:06:23.597 | INFO     | AlgorithmSystem.Framework.AlgorithmSystemManager:report:120 - 当前trial的汇报结果为：33
2022-02-28 17:06:23.598 | INFO     | communication.CommunicationProducer:send:36 - 向Algorithm2Stimulation发送信息:b'FDBK\x80\x04K!.'
2022-02-28 17:06:28.756 | INFO     | AlgorithmSystem.Framework.AlgorithmSystemManager:report:120 - 当前trial的汇报结果为：33
2022-02-28 17:06:28.758 | INFO     | communication.CommunicationProducer:send:36 - 向Algorithm2Stimulation发送信息:b'FDBK\x80\x04K!.'
2022-02-28 17:06:33.904 | INFO     | AlgorithmSystem.Framework.AlgorithmSystemManager:report:120 - 当前trial的汇报结果为：33
2022-02-28 17:06:33.905 | INFO     | communication.CommunicationProducer:send:36 - 向Algorithm2Stimulation发送信息:b'FDBK\x80\x04K!.'
2022-02-28 17:06:39.081 | INFO     | AlgorithmSystem.Framework.AlgorithmSystemManager:report:120 - 当前trial的汇报结果为：33
2022-02-28 17:06:39.083 | INFO     | communication.CommunicationProducer:send:36 - 向Algorithm2Stimulation发送信息:b'FDBK\x80\x04K!.'
2022-02-28 17:06:44.238 | INFO     | AlgorithmSystem.Framework.AlgorithmSystemManager:report:120 - 当前trial的汇报结果为：33
2022-02-28 17:06:44.241 | INFO     | communication.CommunicationProducer:send:36 - 向Algorithm2Stimulation发送信息:b'FDBK\x80\x04K!.'
2022-02-28 17:06:49.387 | INFO     | AlgorithmSystem.Framework.AlgorithmSystemManager:report:120 - 当前trial的汇报结果为：33
2022-02-28 17:06:49.389 | INFO     | communication.CommunicationProducer:send:36 - 向Algorithm2Stimulation发送信息:b'FDBK\x80\x04K!.'
2022-02-28 17:06:54.557 | INFO     | AlgorithmSystem.Framework.AlgorithmSystemManager:report:120 - 当前trial的汇报结果为：33
2022-02-28 17:06:54.560 | INFO     | communication.CommunicationProducer:send:36 - 向Algorithm2Stimulation发送信息:b'FDBK\x80\x04K!.'
2022-02-28 17:06:59.726 | INFO     | AlgorithmSystem.Framework.AlgorithmSystemManager:report:120 - 当前trial的汇报结果为：33
2022-02-28 17:06:59.729 | INFO     | communication.CommunicationProducer:send:36 - 向Algorithm2Stimulation发送信息:b'FDBK\x80\x04K!.'
2022-02-28 17:07:04.923 | INFO     | AlgorithmSystem.Framework.AlgorithmSystemManager:report:120 - 当前trial的汇报结果为：33
2022-02-28 17:07:04.924 | INFO     | communication.CommunicationProducer:send:36 - 向Algorithm2Stimulation发送信息:b'FDBK\x80\x04K!.'
2022-02-28 17:07:10.076 | INFO     | AlgorithmSystem.Framework.AlgorithmSystemManager:report:120 - 当前trial的汇报结果为：33
2022-02-28 17:07:10.078 | INFO     | communication.CommunicationProducer:send:36 - 向Algorithm2Stimulation发送信息:b'FDBK\x80\x04K!.'
2022-02-28 17:07:15.277 | INFO     | AlgorithmSystem.Framework.AlgorithmSystemManager:report:120 - 当前trial的汇报结果为：33
2022-02-28 17:07:15.279 | INFO     | communication.CommunicationProducer:send:36 - 向Algorithm2Stimulation发送信息:b'FDBK\x80\x04K!.'
2022-02-28 17:07:20.471 | INFO     | AlgorithmSystem.Framework.AlgorithmSystemManager:report:120 - 当前trial的汇报结果为：33
2022-02-28 17:07:20.473 | INFO     | communication.CommunicationProducer:send:36 - 向Algorithm2Stimulation发送信息:b'FDBK\x80\x04K!.'
2022-02-28 17:07:25.648 | INFO     | AlgorithmSystem.Framework.AlgorithmSystemManager:report:120 - 当前trial的汇报结果为：33
2022-02-28 17:07:25.649 | INFO     | communication.CommunicationProducer:send:36 - 向Algorithm2Stimulation发送信息:b'FDBK\x80\x04K!.'
2022-02-28 17:07:30.841 | INFO     | AlgorithmSystem.Framework.AlgorithmSystemManager:report:120 - 当前trial的汇报结果为：33
2022-02-28 17:07:30.843 | INFO     | communication.CommunicationProducer:send:36 - 向Algorithm2Stimulation发送信息:b'FDBK\x80\x04K!.'
2022-02-28 17:07:36.024 | INFO     | AlgorithmSystem.Framework.AlgorithmSystemManager:report:120 - 当前trial的汇报结果为：33
2022-02-28 17:07:36.026 | INFO     | communication.CommunicationProducer:send:36 - 向Algorithm2Stimulation发送信息:b'FDBK\x80\x04K!.'
2022-02-28 17:07:41.241 | INFO     | AlgorithmSystem.Framework.AlgorithmSystemManager:report:120 - 当前trial的汇报结果为：33
2022-02-28 17:07:41.243 | INFO     | communication.CommunicationProducer:send:36 - 向Algorithm2Stimulation发送信息:b'FDBK\x80\x04K!.'
2022-02-28 17:07:46.408 | INFO     | AlgorithmSystem.Framework.AlgorithmSystemManager:report:120 - 当前trial的汇报结果为：33
2022-02-28 17:07:46.410 | INFO     | communication.CommunicationProducer:send:36 - 向Algorithm2Stimulation发送信息:b'FDBK\x80\x04K!.'
2022-02-28 17:07:51.607 | INFO     | AlgorithmSystem.Framework.AlgorithmSystemManager:report:120 - 当前trial的汇报结果为：33
2022-02-28 17:07:51.609 | INFO     | communication.CommunicationProducer:send:36 - 向Algorithm2Stimulation发送信息:b'FDBK\x80\x04K!.'
2022-02-28 17:07:56.768 | INFO     | AlgorithmSystem.Framework.AlgorithmSystemManager:report:120 - 当前trial的汇报结果为：33
2022-02-28 17:07:56.770 | INFO     | communication.CommunicationProducer:send:36 - 向Algorithm2Stimulation发送信息:b'FDBK\x80\x04K!.'
2022-02-28 17:08:01.958 | INFO     | AlgorithmSystem.Framework.AlgorithmSystemManager:report:120 - 当前trial的汇报结果为：33
2022-02-28 17:08:01.961 | INFO     | communication.CommunicationProducer:send:36 - 向Algorithm2Stimulation发送信息:b'FDBK\x80\x04K!.'
2022-02-28 17:08:07.165 | INFO     | AlgorithmSystem.Framework.AlgorithmSystemManager:report:120 - 当前trial的汇报结果为：33
2022-02-28 17:08:07.167 | INFO     | communication.CommunicationProducer:send:36 - 向Algorithm2Stimulation发送信息:b'FDBK\x80\x04K!.'
2022-02-28 17:08:12.400 | INFO     | AlgorithmSystem.Framework.AlgorithmSystemManager:report:120 - 当前trial的汇报结果为：33
2022-02-28 17:08:12.402 | INFO     | communication.CommunicationProducer:send:36 - 向Algorithm2Stimulation发送信息:b'FDBK\x80\x04K!.'
2022-02-28 17:08:17.600 | INFO     | AlgorithmSystem.Framework.AlgorithmSystemManager:report:120 - 当前trial的汇报结果为：33
2022-02-28 17:08:17.603 | INFO     | communication.CommunicationProducer:send:36 - 向Algorithm2Stimulation发送信息:b'FDBK\x80\x04K!.'
2022-02-28 17:08:22.845 | INFO     | AlgorithmSystem.Framework.AlgorithmSystemManager:report:120 - 当前trial的汇报结果为：33
2022-02-28 17:08:22.847 | INFO     | communication.CommunicationProducer:send:36 - 向Algorithm2Stimulation发送信息:b'FDBK\x80\x04K!.'
2022-02-28 17:08:28.075 | INFO     | AlgorithmSystem.Framework.AlgorithmSystemManager:report:120 - 当前trial的汇报结果为：33
2022-02-28 17:08:28.078 | INFO     | communication.CommunicationProducer:send:36 - 向Algorithm2Stimulation发送信息:b'FDBK\x80\x04K!.'
2022-02-28 17:08:33.274 | INFO     | AlgorithmSystem.Framework.AlgorithmSystemManager:report:120 - 当前trial的汇报结果为：33
2022-02-28 17:08:33.276 | INFO     | communication.CommunicationProducer:send:36 - 向Algorithm2Stimulation发送信息:b'FDBK\x80\x04K!.'
2022-02-28 17:08:38.438 | INFO     | AlgorithmSystem.Framework.AlgorithmSystemManager:report:120 - 当前trial的汇报结果为：33
2022-02-28 17:08:38.440 | INFO     | communication.CommunicationProducer:send:36 - 向Algorithm2Stimulation发送信息:b'FDBK\x80\x04K!.'
2022-02-28 17:08:43.594 | INFO     | AlgorithmSystem.Framework.AlgorithmSystemManager:report:120 - 当前trial的汇报结果为：33
2022-02-28 17:08:43.596 | INFO     | communication.CommunicationProducer:send:36 - 向Algorithm2Stimulation发送信息:b'FDBK\x80\x04K!.'
2022-02-28 17:08:48.771 | INFO     | AlgorithmSystem.Framework.AlgorithmSystemManager:report:120 - 当前trial的汇报结果为：33
2022-02-28 17:08:48.774 | INFO     | communication.CommunicationProducer:send:36 - 向Algorithm2Stimulation发送信息:b'FDBK\x80\x04K!.'
2022-02-28 17:08:53.953 | INFO     | AlgorithmSystem.Framework.AlgorithmSystemManager:report:120 - 当前trial的汇报结果为：33
2022-02-28 17:08:53.955 | INFO     | communication.CommunicationProducer:send:36 - 向Algorithm2Stimulation发送信息:b'FDBK\x80\x04K!.'
2022-02-28 17:08:59.116 | INFO     | AlgorithmSystem.Framework.AlgorithmSystemManager:report:120 - 当前trial的汇报结果为：33
2022-02-28 17:08:59.118 | INFO     | communication.CommunicationProducer:send:36 - 向Algorithm2Stimulation发送信息:b'FDBK\x80\x04K!.'
2022-02-28 17:09:04.324 | INFO     | AlgorithmSystem.Framework.AlgorithmSystemManager:report:120 - 当前trial的汇报结果为：33
2022-02-28 17:09:04.326 | INFO     | communication.CommunicationProducer:send:36 - 向Algorithm2Stimulation发送信息:b'FDBK\x80\x04K!.'
2022-02-28 17:09:09.516 | INFO     | AlgorithmSystem.Framework.AlgorithmSystemManager:report:120 - 当前trial的汇报结果为：33
2022-02-28 17:09:09.518 | INFO     | communication.CommunicationProducer:send:36 - 向Algorithm2Stimulation发送信息:b'FDBK\x80\x04K!.'
2022-02-28 17:09:14.669 | INFO     | AlgorithmSystem.Framework.AlgorithmSystemManager:report:120 - 当前trial的汇报结果为：33
2022-02-28 17:09:14.670 | INFO     | communication.CommunicationProducer:send:36 - 向Algorithm2Stimulation发送信息:b'FDBK\x80\x04K!.'
2022-02-28 17:09:19.847 | INFO     | AlgorithmSystem.Framework.AlgorithmSystemManager:report:120 - 当前trial的汇报结果为：33
2022-02-28 17:09:19.848 | INFO     | communication.CommunicationProducer:send:36 - 向Algorithm2Stimulation发送信息:b'FDBK\x80\x04K!.'
2022-02-28 17:09:21.205 | INFO     | AlgorithmSystem.Framework.AlgorithmSystemManager:__create_data_model:190 - block id：1，block得分：9.706632233948327e-15，block平均用时：2.0588
2022-02-28 17:10:32.916 | INFO     | AlgorithmSystem.Framework.AlgorithmSystemManager:report:120 - 当前trial的汇报结果为：33
2022-02-28 17:10:32.918 | INFO     | communication.CommunicationProducer:send:36 - 向Algorithm2Stimulation发送信息:b'FDBK\x80\x04K!.'
2022-02-28 17:10:38.077 | INFO     | AlgorithmSystem.Framework.AlgorithmSystemManager:report:120 - 当前trial的汇报结果为：33
2022-02-28 17:10:38.079 | INFO     | communication.CommunicationProducer:send:36 - 向Algorithm2Stimulation发送信息:b'FDBK\x80\x04K!.'
2022-02-28 17:10:43.236 | INFO     | AlgorithmSystem.Framework.AlgorithmSystemManager:report:120 - 当前trial的汇报结果为：33
2022-02-28 17:10:43.238 | INFO     | communication.CommunicationProducer:send:36 - 向Algorithm2Stimulation发送信息:b'FDBK\x80\x04K!.'
2022-02-28 17:10:48.445 | INFO     | AlgorithmSystem.Framework.AlgorithmSystemManager:report:120 - 当前trial的汇报结果为：33
2022-02-28 17:10:48.448 | INFO     | communication.CommunicationProducer:send:36 - 向Algorithm2Stimulation发送信息:b'FDBK\x80\x04K!.'
2022-02-28 17:10:53.596 | INFO     | AlgorithmSystem.Framework.AlgorithmSystemManager:report:120 - 当前trial的汇报结果为：33
2022-02-28 17:10:53.598 | INFO     | communication.CommunicationProducer:send:36 - 向Algorithm2Stimulation发送信息:b'FDBK\x80\x04K!.'
2022-02-28 17:10:58.756 | INFO     | AlgorithmSystem.Framework.AlgorithmSystemManager:report:120 - 当前trial的汇报结果为：33
2022-02-28 17:10:58.758 | INFO     | communication.CommunicationProducer:send:36 - 向Algorithm2Stimulation发送信息:b'FDBK\x80\x04K!.'
2022-02-28 17:11:03.965 | INFO     | AlgorithmSystem.Framework.AlgorithmSystemManager:report:120 - 当前trial的汇报结果为：33
2022-02-28 17:11:03.967 | INFO     | communication.CommunicationProducer:send:36 - 向Algorithm2Stimulation发送信息:b'FDBK\x80\x04K!.'
2022-02-28 17:11:09.119 | INFO     | AlgorithmSystem.Framework.AlgorithmSystemManager:report:120 - 当前trial的汇报结果为：33
2022-02-28 17:11:09.121 | INFO     | communication.CommunicationProducer:send:36 - 向Algorithm2Stimulation发送信息:b'FDBK\x80\x04K!.'
2022-02-28 17:11:14.272 | INFO     | AlgorithmSystem.Framework.AlgorithmSystemManager:report:120 - 当前trial的汇报结果为：33
2022-02-28 17:11:14.275 | INFO     | communication.CommunicationProducer:send:36 - 向Algorithm2Stimulation发送信息:b'FDBK\x80\x04K!.'
2022-02-28 17:11:19.430 | INFO     | AlgorithmSystem.Framework.AlgorithmSystemManager:report:120 - 当前trial的汇报结果为：33
2022-02-28 17:11:19.432 | INFO     | communication.CommunicationProducer:send:36 - 向Algorithm2Stimulation发送信息:b'FDBK\x80\x04K!.'
2022-02-28 17:11:24.604 | INFO     | AlgorithmSystem.Framework.AlgorithmSystemManager:report:120 - 当前trial的汇报结果为：33
2022-02-28 17:11:24.606 | INFO     | communication.CommunicationProducer:send:36 - 向Algorithm2Stimulation发送信息:b'FDBK\x80\x04K!.'
2022-02-28 17:11:29.754 | INFO     | AlgorithmSystem.Framework.AlgorithmSystemManager:report:120 - 当前trial的汇报结果为：33
2022-02-28 17:11:29.756 | INFO     | communication.CommunicationProducer:send:36 - 向Algorithm2Stimulation发送信息:b'FDBK\x80\x04K!.'
2022-02-28 17:11:34.907 | INFO     | AlgorithmSystem.Framework.AlgorithmSystemManager:report:120 - 当前trial的汇报结果为：33
2022-02-28 17:11:34.909 | INFO     | communication.CommunicationProducer:send:36 - 向Algorithm2Stimulation发送信息:b'FDBK\x80\x04K!.'
2022-02-28 17:11:40.091 | INFO     | AlgorithmSystem.Framework.AlgorithmSystemManager:report:120 - 当前trial的汇报结果为：33
2022-02-28 17:11:40.093 | INFO     | communication.CommunicationProducer:send:36 - 向Algorithm2Stimulation发送信息:b'FDBK\x80\x04K!.'
2022-02-28 17:11:45.275 | INFO     | AlgorithmSystem.Framework.AlgorithmSystemManager:report:120 - 当前trial的汇报结果为：33
2022-02-28 17:11:45.277 | INFO     | communication.CommunicationProducer:send:36 - 向Algorithm2Stimulation发送信息:b'FDBK\x80\x04K!.'
2022-02-28 17:11:50.431 | INFO     | AlgorithmSystem.Framework.AlgorithmSystemManager:report:120 - 当前trial的汇报结果为：33
2022-02-28 17:11:50.433 | INFO     | communication.CommunicationProducer:send:36 - 向Algorithm2Stimulation发送信息:b'FDBK\x80\x04K!.'
2022-02-28 17:11:55.603 | INFO     | AlgorithmSystem.Framework.AlgorithmSystemManager:report:120 - 当前trial的汇报结果为：33
2022-02-28 17:11:55.605 | INFO     | communication.CommunicationProducer:send:36 - 向Algorithm2Stimulation发送信息:b'FDBK\x80\x04K!.'
2022-02-28 17:12:00.761 | INFO     | AlgorithmSystem.Framework.AlgorithmSystemManager:report:120 - 当前trial的汇报结果为：33
2022-02-28 17:12:00.763 | INFO     | communication.CommunicationProducer:send:36 - 向Algorithm2Stimulation发送信息:b'FDBK\x80\x04K!.'
2022-02-28 17:12:05.947 | INFO     | AlgorithmSystem.Framework.AlgorithmSystemManager:report:120 - 当前trial的汇报结果为：33
2022-02-28 17:12:05.949 | INFO     | communication.CommunicationProducer:send:36 - 向Algorithm2Stimulation发送信息:b'FDBK\x80\x04K!.'
2022-02-28 17:12:11.116 | INFO     | AlgorithmSystem.Framework.AlgorithmSystemManager:report:120 - 当前trial的汇报结果为：33
2022-02-28 17:12:11.117 | INFO     | communication.CommunicationProducer:send:36 - 向Algorithm2Stimulation发送信息:b'FDBK\x80\x04K!.'
2022-02-28 17:12:16.321 | INFO     | AlgorithmSystem.Framework.AlgorithmSystemManager:report:120 - 当前trial的汇报结果为：33
2022-02-28 17:12:16.322 | INFO     | communication.CommunicationProducer:send:36 - 向Algorithm2Stimulation发送信息:b'FDBK\x80\x04K!.'
2022-02-28 17:12:21.476 | INFO     | AlgorithmSystem.Framework.AlgorithmSystemManager:report:120 - 当前trial的汇报结果为：33
2022-02-28 17:12:21.478 | INFO     | communication.CommunicationProducer:send:36 - 向Algorithm2Stimulation发送信息:b'FDBK\x80\x04K!.'
2022-02-28 17:12:26.648 | INFO     | AlgorithmSystem.Framework.AlgorithmSystemManager:report:120 - 当前trial的汇报结果为：33
2022-02-28 17:12:26.650 | INFO     | communication.CommunicationProducer:send:36 - 向Algorithm2Stimulation发送信息:b'FDBK\x80\x04K!.'
2022-02-28 17:12:31.801 | INFO     | AlgorithmSystem.Framework.AlgorithmSystemManager:report:120 - 当前trial的汇报结果为：33
2022-02-28 17:12:31.802 | INFO     | communication.CommunicationProducer:send:36 - 向Algorithm2Stimulation发送信息:b'FDBK\x80\x04K!.'
2022-02-28 17:12:36.961 | INFO     | AlgorithmSystem.Framework.AlgorithmSystemManager:report:120 - 当前trial的汇报结果为：33
2022-02-28 17:12:36.963 | INFO     | communication.CommunicationProducer:send:36 - 向Algorithm2Stimulation发送信息:b'FDBK\x80\x04K!.'
2022-02-28 17:12:42.143 | INFO     | AlgorithmSystem.Framework.AlgorithmSystemManager:report:120 - 当前trial的汇报结果为：33
2022-02-28 17:12:42.145 | INFO     | communication.CommunicationProducer:send:36 - 向Algorithm2Stimulation发送信息:b'FDBK\x80\x04K!.'
2022-02-28 17:12:47.281 | INFO     | AlgorithmSystem.Framework.AlgorithmSystemManager:report:120 - 当前trial的汇报结果为：33
2022-02-28 17:12:47.284 | INFO     | communication.CommunicationProducer:send:36 - 向Algorithm2Stimulation发送信息:b'FDBK\x80\x04K!.'
2022-02-28 17:12:52.443 | INFO     | AlgorithmSystem.Framework.AlgorithmSystemManager:report:120 - 当前trial的汇报结果为：33
2022-02-28 17:12:52.444 | INFO     | communication.CommunicationProducer:send:36 - 向Algorithm2Stimulation发送信息:b'FDBK\x80\x04K!.'
2022-02-28 17:12:57.602 | INFO     | AlgorithmSystem.Framework.AlgorithmSystemManager:report:120 - 当前trial的汇报结果为：33
2022-02-28 17:12:57.604 | INFO     | communication.CommunicationProducer:send:36 - 向Algorithm2Stimulation发送信息:b'FDBK\x80\x04K!.'
2022-02-28 17:13:02.751 | INFO     | AlgorithmSystem.Framework.AlgorithmSystemManager:report:120 - 当前trial的汇报结果为：33
2022-02-28 17:13:02.753 | INFO     | communication.CommunicationProducer:send:36 - 向Algorithm2Stimulation发送信息:b'FDBK\x80\x04K!.'
2022-02-28 17:13:07.878 | INFO     | AlgorithmSystem.Framework.AlgorithmSystemManager:report:120 - 当前trial的汇报结果为：33
2022-02-28 17:13:07.880 | INFO     | communication.CommunicationProducer:send:36 - 向Algorithm2Stimulation发送信息:b'FDBK\x80\x04K!.'
2022-02-28 17:13:13.046 | INFO     | AlgorithmSystem.Framework.AlgorithmSystemManager:report:120 - 当前trial的汇报结果为：33
2022-02-28 17:13:13.048 | INFO     | communication.CommunicationProducer:send:36 - 向Algorithm2Stimulation发送信息:b'FDBK\x80\x04K!.'
2022-02-28 17:13:18.236 | INFO     | AlgorithmSystem.Framework.AlgorithmSystemManager:report:120 - 当前trial的汇报结果为：33
2022-02-28 17:13:18.238 | INFO     | communication.CommunicationProducer:send:36 - 向Algorithm2Stimulation发送信息:b'FDBK\x80\x04K!.'
2022-02-28 17:13:23.386 | INFO     | AlgorithmSystem.Framework.AlgorithmSystemManager:report:120 - 当前trial的汇报结果为：33
2022-02-28 17:13:23.388 | INFO     | communication.CommunicationProducer:send:36 - 向Algorithm2Stimulation发送信息:b'FDBK\x80\x04K!.'
2022-02-28 17:13:28.564 | INFO     | AlgorithmSystem.Framework.AlgorithmSystemManager:report:120 - 当前trial的汇报结果为：33
2022-02-28 17:13:28.567 | INFO     | communication.CommunicationProducer:send:36 - 向Algorithm2Stimulation发送信息:b'FDBK\x80\x04K!.'
2022-02-28 17:13:33.727 | INFO     | AlgorithmSystem.Framework.AlgorithmSystemManager:report:120 - 当前trial的汇报结果为：33
2022-02-28 17:13:33.729 | INFO     | communication.CommunicationProducer:send:36 - 向Algorithm2Stimulation发送信息:b'FDBK\x80\x04K!.'
2022-02-28 17:13:38.877 | INFO     | AlgorithmSystem.Framework.AlgorithmSystemManager:report:120 - 当前trial的汇报结果为：33
2022-02-28 17:13:38.879 | INFO     | communication.CommunicationProducer:send:36 - 向Algorithm2Stimulation发送信息:b'FDBK\x80\x04K!.'
2022-02-28 17:13:44.036 | INFO     | AlgorithmSystem.Framework.AlgorithmSystemManager:report:120 - 当前trial的汇报结果为：33
2022-02-28 17:13:44.038 | INFO     | communication.CommunicationProducer:send:36 - 向Algorithm2Stimulation发送信息:b'FDBK\x80\x04K!.'
2022-02-28 17:13:49.205 | INFO     | AlgorithmSystem.Framework.AlgorithmSystemManager:report:120 - 当前trial的汇报结果为：33
2022-02-28 17:13:49.208 | INFO     | communication.CommunicationProducer:send:36 - 向Algorithm2Stimulation发送信息:b'FDBK\x80\x04K!.'
2022-02-28 17:13:54.404 | INFO     | AlgorithmSystem.Framework.AlgorithmSystemManager:report:120 - 当前trial的汇报结果为：33
2022-02-28 17:13:54.406 | INFO     | communication.CommunicationProducer:send:36 - 向Algorithm2Stimulation发送信息:b'FDBK\x80\x04K!.'
2022-02-28 17:13:55.758 | INFO     | AlgorithmSystem.Framework.AlgorithmSystemManager:__create_data_model:190 - block id：2，block得分：9.711349228910883e-15，block平均用时：2.0578000000000003
2022-02-28 17:15:00.965 | INFO     | AlgorithmSystem.Framework.AlgorithmSystemManager:report:120 - 当前trial的汇报结果为：33
2022-02-28 17:15:00.968 | INFO     | communication.CommunicationProducer:send:36 - 向Algorithm2Stimulation发送信息:b'FDBK\x80\x04K!.'
2022-02-28 17:15:06.149 | INFO     | AlgorithmSystem.Framework.AlgorithmSystemManager:report:120 - 当前trial的汇报结果为：33
2022-02-28 17:15:06.151 | INFO     | communication.CommunicationProducer:send:36 - 向Algorithm2Stimulation发送信息:b'FDBK\x80\x04K!.'
2022-02-28 17:15:11.355 | INFO     | AlgorithmSystem.Framework.AlgorithmSystemManager:report:120 - 当前trial的汇报结果为：33
2022-02-28 17:15:11.356 | INFO     | communication.CommunicationProducer:send:36 - 向Algorithm2Stimulation发送信息:b'FDBK\x80\x04K!.'
2022-02-28 17:15:16.551 | INFO     | AlgorithmSystem.Framework.AlgorithmSystemManager:report:120 - 当前trial的汇报结果为：33
2022-02-28 17:15:16.553 | INFO     | communication.CommunicationProducer:send:36 - 向Algorithm2Stimulation发送信息:b'FDBK\x80\x04K!.'
2022-02-28 17:15:21.726 | INFO     | AlgorithmSystem.Framework.AlgorithmSystemManager:report:120 - 当前trial的汇报结果为：33
2022-02-28 17:15:21.727 | INFO     | communication.CommunicationProducer:send:36 - 向Algorithm2Stimulation发送信息:b'FDBK\x80\x04K!.'
2022-02-28 17:15:26.914 | INFO     | AlgorithmSystem.Framework.AlgorithmSystemManager:report:120 - 当前trial的汇报结果为：33
2022-02-28 17:15:26.915 | INFO     | communication.CommunicationProducer:send:36 - 向Algorithm2Stimulation发送信息:b'FDBK\x80\x04K!.'
2022-02-28 17:15:32.072 | INFO     | AlgorithmSystem.Framework.AlgorithmSystemManager:report:120 - 当前trial的汇报结果为：33
2022-02-28 17:15:32.075 | INFO     | communication.CommunicationProducer:send:36 - 向Algorithm2Stimulation发送信息:b'FDBK\x80\x04K!.'
2022-02-28 17:15:37.284 | INFO     | AlgorithmSystem.Framework.AlgorithmSystemManager:report:120 - 当前trial的汇报结果为：33
2022-02-28 17:15:37.286 | INFO     | communication.CommunicationProducer:send:36 - 向Algorithm2Stimulation发送信息:b'FDBK\x80\x04K!.'
2022-02-28 17:15:42.471 | INFO     | AlgorithmSystem.Framework.AlgorithmSystemManager:report:120 - 当前trial的汇报结果为：33
2022-02-28 17:15:42.473 | INFO     | communication.CommunicationProducer:send:36 - 向Algorithm2Stimulation发送信息:b'FDBK\x80\x04K!.'
2022-02-28 17:15:47.644 | INFO     | AlgorithmSystem.Framework.AlgorithmSystemManager:report:120 - 当前trial的汇报结果为：33
2022-02-28 17:15:47.646 | INFO     | communication.CommunicationProducer:send:36 - 向Algorithm2Stimulation发送信息:b'FDBK\x80\x04K!.'
2022-02-28 17:15:52.843 | INFO     | AlgorithmSystem.Framework.AlgorithmSystemManager:report:120 - 当前trial的汇报结果为：33
2022-02-28 17:15:52.845 | INFO     | communication.CommunicationProducer:send:36 - 向Algorithm2Stimulation发送信息:b'FDBK\x80\x04K!.'
2022-02-28 17:15:57.993 | INFO     | AlgorithmSystem.Framework.AlgorithmSystemManager:report:120 - 当前trial的汇报结果为：33
2022-02-28 17:15:57.995 | INFO     | communication.CommunicationProducer:send:36 - 向Algorithm2Stimulation发送信息:b'FDBK\x80\x04K!.'
2022-02-28 17:16:03.149 | INFO     | AlgorithmSystem.Framework.AlgorithmSystemManager:report:120 - 当前trial的汇报结果为：33
2022-02-28 17:16:03.151 | INFO     | communication.CommunicationProducer:send:36 - 向Algorithm2Stimulation发送信息:b'FDBK\x80\x04K!.'
2022-02-28 17:16:08.329 | INFO     | AlgorithmSystem.Framework.AlgorithmSystemManager:report:120 - 当前trial的汇报结果为：33
2022-02-28 17:16:08.331 | INFO     | communication.CommunicationProducer:send:36 - 向Algorithm2Stimulation发送信息:b'FDBK\x80\x04K!.'
2022-02-28 17:16:13.509 | INFO     | AlgorithmSystem.Framework.AlgorithmSystemManager:report:120 - 当前trial的汇报结果为：33
2022-02-28 17:16:13.511 | INFO     | communication.CommunicationProducer:send:36 - 向Algorithm2Stimulation发送信息:b'FDBK\x80\x04K!.'
2022-02-28 17:16:18.687 | INFO     | AlgorithmSystem.Framework.AlgorithmSystemManager:report:120 - 当前trial的汇报结果为：33
2022-02-28 17:16:18.689 | INFO     | communication.CommunicationProducer:send:36 - 向Algorithm2Stimulation发送信息:b'FDBK\x80\x04K!.'
2022-02-28 17:16:23.873 | INFO     | AlgorithmSystem.Framework.AlgorithmSystemManager:report:120 - 当前trial的汇报结果为：33
2022-02-28 17:16:23.875 | INFO     | communication.CommunicationProducer:send:36 - 向Algorithm2Stimulation发送信息:b'FDBK\x80\x04K!.'
2022-02-28 17:16:29.065 | INFO     | AlgorithmSystem.Framework.AlgorithmSystemManager:report:120 - 当前trial的汇报结果为：33
2022-02-28 17:16:29.066 | INFO     | communication.CommunicationProducer:send:36 - 向Algorithm2Stimulation发送信息:b'FDBK\x80\x04K!.'
2022-02-28 17:16:34.241 | INFO     | AlgorithmSystem.Framework.AlgorithmSystemManager:report:120 - 当前trial的汇报结果为：33
2022-02-28 17:16:34.243 | INFO     | communication.CommunicationProducer:send:36 - 向Algorithm2Stimulation发送信息:b'FDBK\x80\x04K!.'
2022-02-28 17:16:39.443 | INFO     | AlgorithmSystem.Framework.AlgorithmSystemManager:report:120 - 当前trial的汇报结果为：33
2022-02-28 17:16:39.445 | INFO     | communication.CommunicationProducer:send:36 - 向Algorithm2Stimulation发送信息:b'FDBK\x80\x04K!.'
2022-02-28 17:16:44.599 | INFO     | AlgorithmSystem.Framework.AlgorithmSystemManager:report:120 - 当前trial的汇报结果为：33
2022-02-28 17:16:44.600 | INFO     | communication.CommunicationProducer:send:36 - 向Algorithm2Stimulation发送信息:b'FDBK\x80\x04K!.'
2022-02-28 17:16:49.760 | INFO     | AlgorithmSystem.Framework.AlgorithmSystemManager:report:120 - 当前trial的汇报结果为：33
2022-02-28 17:16:49.763 | INFO     | communication.CommunicationProducer:send:36 - 向Algorithm2Stimulation发送信息:b'FDBK\x80\x04K!.'
2022-02-28 17:16:54.957 | INFO     | AlgorithmSystem.Framework.AlgorithmSystemManager:report:120 - 当前trial的汇报结果为：33
2022-02-28 17:16:54.959 | INFO     | communication.CommunicationProducer:send:36 - 向Algorithm2Stimulation发送信息:b'FDBK\x80\x04K!.'
2022-02-28 17:17:00.165 | INFO     | AlgorithmSystem.Framework.AlgorithmSystemManager:report:120 - 当前trial的汇报结果为：33
2022-02-28 17:17:00.167 | INFO     | communication.CommunicationProducer:send:36 - 向Algorithm2Stimulation发送信息:b'FDBK\x80\x04K!.'
2022-02-28 17:17:05.355 | INFO     | AlgorithmSystem.Framework.AlgorithmSystemManager:report:120 - 当前trial的汇报结果为：33
2022-02-28 17:17:05.357 | INFO     | communication.CommunicationProducer:send:36 - 向Algorithm2Stimulation发送信息:b'FDBK\x80\x04K!.'
2022-02-28 17:17:10.558 | INFO     | AlgorithmSystem.Framework.AlgorithmSystemManager:report:120 - 当前trial的汇报结果为：33
2022-02-28 17:17:10.559 | INFO     | communication.CommunicationProducer:send:36 - 向Algorithm2Stimulation发送信息:b'FDBK\x80\x04K!.'
2022-02-28 17:17:15.728 | INFO     | AlgorithmSystem.Framework.AlgorithmSystemManager:report:120 - 当前trial的汇报结果为：33
2022-02-28 17:17:15.729 | INFO     | communication.CommunicationProducer:send:36 - 向Algorithm2Stimulation发送信息:b'FDBK\x80\x04K!.'
2022-02-28 17:17:20.911 | INFO     | AlgorithmSystem.Framework.AlgorithmSystemManager:report:120 - 当前trial的汇报结果为：33
2022-02-28 17:17:20.913 | INFO     | communication.CommunicationProducer:send:36 - 向Algorithm2Stimulation发送信息:b'FDBK\x80\x04K!.'
2022-02-28 17:17:26.118 | INFO     | AlgorithmSystem.Framework.AlgorithmSystemManager:report:120 - 当前trial的汇报结果为：33
2022-02-28 17:17:26.120 | INFO     | communication.CommunicationProducer:send:36 - 向Algorithm2Stimulation发送信息:b'FDBK\x80\x04K!.'
2022-02-28 17:17:31.283 | INFO     | AlgorithmSystem.Framework.AlgorithmSystemManager:report:120 - 当前trial的汇报结果为：33
2022-02-28 17:17:31.285 | INFO     | communication.CommunicationProducer:send:36 - 向Algorithm2Stimulation发送信息:b'FDBK\x80\x04K!.'
2022-02-28 17:17:36.427 | INFO     | AlgorithmSystem.Framework.AlgorithmSystemManager:report:120 - 当前trial的汇报结果为：33
2022-02-28 17:17:36.429 | INFO     | communication.CommunicationProducer:send:36 - 向Algorithm2Stimulation发送信息:b'FDBK\x80\x04K!.'
2022-02-28 17:17:41.610 | INFO     | AlgorithmSystem.Framework.AlgorithmSystemManager:report:120 - 当前trial的汇报结果为：33
2022-02-28 17:17:41.612 | INFO     | communication.CommunicationProducer:send:36 - 向Algorithm2Stimulation发送信息:b'FDBK\x80\x04K!.'
2022-02-28 17:17:46.804 | INFO     | AlgorithmSystem.Framework.AlgorithmSystemManager:report:120 - 当前trial的汇报结果为：33
2022-02-28 17:17:46.806 | INFO     | communication.CommunicationProducer:send:36 - 向Algorithm2Stimulation发送信息:b'FDBK\x80\x04K!.'
2022-02-28 17:17:51.998 | INFO     | AlgorithmSystem.Framework.AlgorithmSystemManager:report:120 - 当前trial的汇报结果为：33
2022-02-28 17:17:51.999 | INFO     | communication.CommunicationProducer:send:36 - 向Algorithm2Stimulation发送信息:b'FDBK\x80\x04K!.'
2022-02-28 17:17:57.160 | INFO     | AlgorithmSystem.Framework.AlgorithmSystemManager:report:120 - 当前trial的汇报结果为：33
2022-02-28 17:17:57.162 | INFO     | communication.CommunicationProducer:send:36 - 向Algorithm2Stimulation发送信息:b'FDBK\x80\x04K!.'
2022-02-28 17:18:02.350 | INFO     | AlgorithmSystem.Framework.AlgorithmSystemManager:report:120 - 当前trial的汇报结果为：33
2022-02-28 17:18:02.352 | INFO     | communication.CommunicationProducer:send:36 - 向Algorithm2Stimulation发送信息:b'FDBK\x80\x04K!.'
2022-02-28 17:18:07.515 | INFO     | AlgorithmSystem.Framework.AlgorithmSystemManager:report:120 - 当前trial的汇报结果为：33
2022-02-28 17:18:07.516 | INFO     | communication.CommunicationProducer:send:36 - 向Algorithm2Stimulation发送信息:b'FDBK\x80\x04K!.'
2022-02-28 17:18:12.686 | INFO     | AlgorithmSystem.Framework.AlgorithmSystemManager:report:120 - 当前trial的汇报结果为：33
2022-02-28 17:18:12.688 | INFO     | communication.CommunicationProducer:send:36 - 向Algorithm2Stimulation发送信息:b'FDBK\x80\x04K!.'
2022-02-28 17:18:17.878 | INFO     | AlgorithmSystem.Framework.AlgorithmSystemManager:report:120 - 当前trial的汇报结果为：33
2022-02-28 17:18:17.879 | INFO     | communication.CommunicationProducer:send:36 - 向Algorithm2Stimulation发送信息:b'FDBK\x80\x04K!.'
2022-02-28 17:18:23.076 | INFO     | AlgorithmSystem.Framework.AlgorithmSystemManager:report:120 - 当前trial的汇报结果为：33
2022-02-28 17:18:23.078 | INFO     | communication.CommunicationProducer:send:36 - 向Algorithm2Stimulation发送信息:b'FDBK\x80\x04K!.'
2022-02-28 17:18:24.448 | INFO     | AlgorithmSystem.Framework.AlgorithmSystemManager:__create_data_model:190 - block id：3，block得分：9.707575266323141e-15，block平均用时：2.0585999999999998
